2026-05-24 14:58:07,299 - INFO - === SESSION START ===
2026-05-24 14:58:07,300 - INFO - Dataset: airline_passenger_satisfaction.csv
2026-05-24 14:58:07,301 - INFO - Date: 2026-05-24 14:58:07
2026-05-24 14:58:21,747 - INFO - === SESSION START ===
2026-05-24 14:58:21,749 - INFO - Dataset: airline_passenger_satisfaction.csv
2026-05-24 14:58:21,750 - INFO - Date: 2026-05-24 14:58:21
2026-05-24 14:58:46,673 - INFO - Starting Logistic Regression training...
2026-05-24 14:58:47,184 - INFO - Logistic Regression Metrics: {'Accuracy': 0.8773098244533415, 'Precision': 0.8716842588343277, 'Recall': 0.8414850256955521, 'F1': 0.8563184707632658, 'ROC-AUC': 0.9295459581905785}
2026-05-24 14:58:55,655 - INFO - Starting Random Forest training...
2026-05-24 14:58:57,943 - INFO - Random Forest Metrics: {'Accuracy': 0.9426008623344626, 'Precision': 0.9404622717870312, 'Recall': 0.9265461633882687, 'F1': 0.9334523543851819, 'ROC-AUC': 0.9890741217243313}
2026-05-24 14:59:02,709 - INFO - Starting XGBoost training...
2026-05-24 14:59:05,960 - INFO - XGBoost Metrics: {'Accuracy': 0.9649676624576532, 'Precision': 0.973616943582253, 'Recall': 0.9449760765550239, 'F1': 0.9590827338129496, 'ROC-AUC': 0.9954886304676711}
2026-05-24 14:59:20,088 - INFO - Best model: XGBoost with F1=0.9591
2026-05-24 14:59:20,088 - INFO - === SESSION END ===
2026-05-24 14:59:41,170 - INFO - === SESSION START ===
2026-05-24 14:59:41,172 - INFO - Dataset: airline_passenger_satisfaction.csv
2026-05-24 14:59:41,173 - INFO - Date: 2026-05-24 14:59:41
2026-05-24 15:00:10,850 - INFO - Starting Logistic Regression training...
2026-05-24 15:00:11,438 - INFO - Logistic Regression Metrics: {'Accuracy': 0.8773098244533415, 'Precision': 0.8716842588343277, 'Recall': 0.8414850256955521, 'F1': 0.8563184707632658, 'ROC-AUC': 0.9295459581905785}
2026-05-24 15:00:13,442 - INFO - Starting Random Forest training...
2026-05-24 15:00:15,913 - INFO - Random Forest Metrics: {'Accuracy': 0.9426008623344626, 'Precision': 0.9404622717870312, 'Recall': 0.9265461633882687, 'F1': 0.9334523543851819, 'ROC-AUC': 0.9890741217243313}
2026-05-24 15:00:15,922 - INFO - Starting XGBoost training...
2026-05-24 15:00:17,343 - INFO - XGBoost Metrics: {'Accuracy': 0.9649676624576532, 'Precision': 0.973616943582253, 'Recall': 0.9449760765550239, 'F1': 0.9590827338129496, 'ROC-AUC': 0.9954886304676711}
2026-05-24 15:00:19,854 - INFO - Best model: XGBoost with F1=0.9591
2026-05-24 15:00:19,855 - INFO - === SESSION END ===
2026-05-24 17:15:28,676 - INFO - === SESSION START ===
2026-05-24 17:15:28,694 - INFO - Dataset: airline_passenger_satisfaction.csv
2026-05-24 17:15:28,696 - INFO - Date: 2026-05-24 17:15:28
2026-05-24 17:16:00,650 - INFO - Starting Logistic Regression training...
2026-05-24 17:16:01,465 - INFO - Logistic Regression Metrics: {'Accuracy': 0.8773098244533415, 'Precision': 0.8716842588343277, 'Recall': 0.8414850256955521, 'F1': 0.8563184707632658, 'ROC-AUC': 0.9295459581905785}
2026-05-24 17:16:04,509 - INFO - Starting Random Forest training...
2026-05-24 17:16:07,381 - INFO - Random Forest Metrics: {'Accuracy': 0.9426008623344626, 'Precision': 0.9404622717870312, 'Recall': 0.9265461633882687, 'F1': 0.9334523543851819, 'ROC-AUC': 0.9890741217243313}
2026-05-24 17:16:10,837 - INFO - Starting XGBoost training...
2026-05-24 17:16:18,214 - INFO - XGBoost Metrics: {'Accuracy': 0.9649676624576532, 'Precision': 0.973616943582253, 'Recall': 0.9449760765550239, 'F1': 0.9590827338129496, 'ROC-AUC': 0.9954886304676711}
2026-05-24 17:16:41,764 - INFO - Best model: XGBoost with F1=0.9591
2026-05-24 17:16:41,766 - INFO - === SESSION END ===
2026-05-24 22:13:39,968 - INFO - === SESSION START ===
2026-05-24 22:13:39,978 - INFO - Dataset: airline_passenger_satisfaction.csv
2026-05-24 22:13:39,980 - INFO - Date: 2026-05-24 22:13:39
2026-05-24 22:31:02,330 - INFO - Starting Logistic Regression training...
2026-05-24 22:31:03,472 - INFO - Logistic Regression Metrics: {'Accuracy': 0.8773098244533415, 'Precision': 0.8716842588343277, 'Recall': 0.8414850256955521, 'F1': 0.8563184707632658, 'ROC-AUC': 0.9295459581905785}
2026-05-24 22:31:14,874 - INFO - Starting Random Forest training...
2026-05-24 22:31:17,643 - INFO - Random Forest Metrics: {'Accuracy': 0.9426008623344626, 'Precision': 0.9404622717870312, 'Recall': 0.9265461633882687, 'F1': 0.9334523543851819, 'ROC-AUC': 0.9890741217243313}
2026-05-24 22:31:23,987 - INFO - Starting XGBoost training...
2026-05-24 22:31:25,819 - INFO - XGBoost Metrics: {'Accuracy': 0.9649676624576532, 'Precision': 0.973616943582253, 'Recall': 0.9449760765550239, 'F1': 0.9590827338129496, 'ROC-AUC': 0.9954886304676711}
2026-05-25 01:23:35,544 - INFO - === SESSION START ===
2026-05-25 01:23:35,556 - INFO - Dataset: airline_passenger_satisfaction.csv
2026-05-25 01:23:35,558 - INFO - Date: 2026-05-25 01:23:35
2026-05-25 01:23:53,400 - INFO - Starting Logistic Regression training...
2026-05-25 01:23:54,125 - INFO - Logistic Regression Metrics: {'Accuracy': 0.8773098244533415, 'Precision': 0.8716842588343277, 'Recall': 0.8414850256955521, 'F1': 0.8563184707632658, 'ROC-AUC': 0.9295459581905785}
2026-05-25 01:23:55,862 - INFO - Starting Random Forest training...
2026-05-25 01:23:58,680 - INFO - Random Forest Metrics: {'Accuracy': 0.9426008623344626, 'Precision': 0.9404622717870312, 'Recall': 0.9265461633882687, 'F1': 0.9334523543851819, 'ROC-AUC': 0.9890741217243313}
2026-05-25 01:23:59,694 - INFO - Starting XGBoost training...
2026-05-25 01:24:01,353 - INFO - XGBoost Metrics: {'Accuracy': 0.9649676624576532, 'Precision': 0.973616943582253, 'Recall': 0.9449760765550239, 'F1': 0.9590827338129496, 'ROC-AUC': 0.9954886304676711}
2026-05-25 01:24:12,765 - INFO - Best model: XGBoost with F1=0.9591
2026-05-25 01:24:12,767 - INFO - === SESSION END ===
