2026-05-24 16:49:19,184 - INFO - === NLP SESSION START ===
2026-05-24 16:49:19,185 - INFO - Dataset: airlines_reviews.csv
2026-05-24 16:49:19,186 - INFO - NLP: spaCy 3.8.14
2026-05-24 16:49:19,187 - INFO - Date: 2026-05-24 16:49:19
2026-05-24 16:57:21,339 - INFO - === NLP SESSION START ===
2026-05-24 16:57:21,340 - INFO - Dataset: airlines_reviews.csv
2026-05-24 16:57:21,342 - INFO - NLP: spaCy 3.8.14
2026-05-24 16:57:21,343 - INFO - Date: 2026-05-24 16:57:21
2026-05-24 16:57:41,777 - INFO - Starting batch preprocessing with spaCy...
2026-05-24 17:01:07,996 - INFO - Preprocessing completed: 8100 reviews cleaned
2026-05-24 17:01:08,007 - INFO - Starting batch preprocessing with spaCy...
2026-05-24 17:04:29,095 - INFO - Preprocessing completed: 8100 reviews cleaned
2026-05-24 17:13:23,440 - INFO - === NLP SESSION START ===
2026-05-24 17:13:23,455 - INFO - Dataset: airlines_reviews.csv
2026-05-24 17:13:23,456 - INFO - NLP: spaCy 3.8.14
2026-05-24 17:13:23,457 - INFO - Date: 2026-05-24 17:13:23
2026-05-24 17:13:30,807 - INFO - Starting batch preprocessing with spaCy...
2026-05-24 17:16:58,671 - INFO - Preprocessing completed: 8100 reviews cleaned
2026-05-24 17:17:08,667 - INFO - === NLP SESSION START ===
2026-05-24 17:17:08,669 - INFO - Dataset: airlines_reviews.csv
2026-05-24 17:17:08,670 - INFO - NLP: spaCy 3.8.14
2026-05-24 17:17:08,671 - INFO - Date: 2026-05-24 17:17:08
2026-05-24 17:33:22,182 - INFO - === NLP SESSION START ===
2026-05-24 17:33:22,184 - INFO - Dataset: airlines_reviews.csv
2026-05-24 17:33:22,185 - INFO - NLP: spaCy 3.8.14
2026-05-24 17:33:22,187 - INFO - Date: 2026-05-24 17:33:22
2026-05-24 18:08:51,741 - INFO - === NLP SESSION START ===
2026-05-24 18:08:51,744 - INFO - Dataset: airlines_reviews.csv
2026-05-24 18:08:51,745 - INFO - NLP: spaCy 3.8.14
2026-05-24 18:08:51,745 - INFO - Date: 2026-05-24 18:08:51
2026-05-24 18:16:18,377 - INFO - === NLP SESSION START ===
2026-05-24 18:16:18,378 - INFO - Dataset: airlines_reviews.csv
2026-05-24 18:16:18,379 - INFO - NLP: spaCy 3.8.14
2026-05-24 18:16:18,380 - INFO - Date: 2026-05-24 18:16:18
2026-05-24 18:16:18,737 - INFO - === NLP SESSION START ===
2026-05-24 18:16:18,737 - INFO - Dataset: airlines_reviews.csv
2026-05-24 18:16:18,738 - INFO - NLP: spaCy 3.8.14
2026-05-24 18:16:18,740 - INFO - Date: 2026-05-24 18:16:18
2026-05-24 18:20:00,690 - INFO - === NLP SESSION START ===
2026-05-24 18:20:00,691 - INFO - Dataset: airlines_reviews.csv
2026-05-24 18:20:00,691 - INFO - NLP: spaCy 3.8.14
2026-05-24 18:20:00,692 - INFO - Date: 2026-05-24 18:20:00
2026-05-24 18:23:45,162 - INFO - === NLP SESSION START ===
2026-05-24 18:23:45,164 - INFO - Dataset: airlines_reviews.csv
2026-05-24 18:23:45,165 - INFO - NLP: spaCy 3.8.14
2026-05-24 18:23:45,166 - INFO - Date: 2026-05-24 18:23:45
2026-05-24 18:23:45,478 - INFO - === NLP SESSION START ===
2026-05-24 18:23:45,480 - INFO - Dataset: airlines_reviews.csv
2026-05-24 18:23:45,482 - INFO - NLP: spaCy 3.8.14
2026-05-24 18:23:45,483 - INFO - Date: 2026-05-24 18:23:45
2026-05-24 18:27:29,511 - INFO - === NLP SESSION START ===
2026-05-24 18:27:29,512 - INFO - Dataset: airlines_reviews.csv
2026-05-24 18:27:29,513 - INFO - NLP: spaCy 3.8.14
2026-05-24 18:27:29,514 - INFO - Date: 2026-05-24 18:27:29
2026-05-24 18:31:12,753 - INFO - === NLP SESSION START ===
2026-05-24 18:31:12,754 - INFO - Dataset: airlines_reviews.csv
2026-05-24 18:31:12,755 - INFO - NLP: spaCy 3.8.14
2026-05-24 18:31:12,755 - INFO - Date: 2026-05-24 18:31:12
2026-05-24 19:12:19,771 - INFO - === NLP SESSION START ===
2026-05-24 19:12:19,772 - INFO - Dataset: airlines_reviews.csv
2026-05-24 19:12:19,773 - INFO - NLP: spaCy 3.8.14
2026-05-24 19:12:19,775 - INFO - Date: 2026-05-24 19:12:19
2026-05-24 20:17:24,616 - INFO - === NLP SESSION START ===
2026-05-24 20:17:24,620 - INFO - Dataset: airlines_reviews.csv
2026-05-24 20:17:24,621 - INFO - NLP: spaCy 3.8.14
2026-05-24 20:17:24,622 - INFO - Date: 2026-05-24 20:17:24
2026-05-24 20:17:46,164 - INFO - === NLP SESSION START ===
2026-05-24 20:17:46,166 - INFO - Dataset: airlines_reviews.csv
2026-05-24 20:17:46,167 - INFO - NLP: spaCy 3.8.14
2026-05-24 20:17:46,168 - INFO - Date: 2026-05-24 20:17:46
2026-05-24 20:21:44,905 - INFO - === NLP SESSION START ===
2026-05-24 20:21:44,906 - INFO - Dataset: airlines_reviews.csv
2026-05-24 20:21:44,907 - INFO - NLP: spaCy 3.8.14
2026-05-24 20:21:44,908 - INFO - Date: 2026-05-24 20:21:44
2026-05-24 20:54:33,430 - INFO - === NLP SESSION START ===
2026-05-24 20:54:33,433 - INFO - Dataset: airlines_reviews.csv
2026-05-24 20:54:33,434 - INFO - NLP: spaCy 3.8.14
2026-05-24 20:54:33,435 - INFO - Date: 2026-05-24 20:54:33
2026-05-24 21:49:55,643 - INFO - === NLP SESSION START ===
2026-05-24 21:49:55,644 - INFO - Dataset: airlines_reviews.csv
2026-05-24 21:49:55,645 - INFO - NLP: spaCy 3.8.14
2026-05-24 21:49:55,646 - INFO - Date: 2026-05-24 21:49:55
2026-05-24 21:54:31,772 - INFO - Logistic Regression - Accuracy: 0.8858, F1: 0.8818, AUC: 0.9536
2026-05-24 21:54:31,792 - INFO - Naive Bayes - Accuracy: 0.8580, F1: 0.8598, AUC: 0.9373
2026-05-24 21:54:31,898 - INFO - Linear SVM - Accuracy: 0.8778, F1: 0.8702, AUC: 0.9450
2026-05-24 22:03:33,282 - INFO - === NLP SESSION COMPLETED ===
2026-05-24 22:03:33,283 - INFO - Best model: Logistic Regression, F1: 0.8818
2026-05-24 23:04:30,775 - INFO - === NLP SESSION START ===
2026-05-24 23:04:30,779 - INFO - Dataset: airlines_reviews.csv
2026-05-24 23:04:30,780 - INFO - NLP: spaCy 3.8.14
2026-05-24 23:04:30,781 - INFO - Date: 2026-05-24 23:04:30
2026-05-24 23:05:44,535 - INFO - === NLP SESSION START ===
2026-05-24 23:05:44,537 - INFO - Dataset: airlines_reviews.csv
2026-05-24 23:05:44,537 - INFO - NLP: spaCy 3.8.14
2026-05-24 23:05:44,539 - INFO - Date: 2026-05-24 23:05:44
2026-05-24 23:45:31,368 - INFO - Logistic Regression - Accuracy: 0.8858, F1: 0.8818, AUC: 0.9536
2026-05-24 23:45:31,391 - INFO - Naive Bayes - Accuracy: 0.8580, F1: 0.8598, AUC: 0.9373
2026-05-24 23:45:31,491 - INFO - Linear SVM - Accuracy: 0.8778, F1: 0.8702, AUC: 0.9450
2026-05-25 01:24:25,103 - INFO - === NLP SESSION START ===
2026-05-25 01:24:25,109 - INFO - Dataset: airlines_reviews.csv
2026-05-25 01:24:25,111 - INFO - NLP: spaCy 3.8.14
2026-05-25 01:24:25,112 - INFO - Date: 2026-05-25 01:24:25
2026-05-25 01:28:30,081 - INFO - Logistic Regression - Accuracy: 0.8858, F1: 0.8818, AUC: 0.9536
2026-05-25 01:28:30,095 - INFO - Naive Bayes - Accuracy: 0.8580, F1: 0.8598, AUC: 0.9373
2026-05-25 01:28:30,198 - INFO - Linear SVM - Accuracy: 0.8778, F1: 0.8702, AUC: 0.9450
2026-05-25 01:28:30,982 - INFO - === NLP SESSION COMPLETED ===
2026-05-25 01:28:30,984 - INFO - Best model: Logistic Regression, F1: 0.8818
